[Appium] Welcome to Appium v1.8.1
[Appium] Non-default server args:
[Appium]   port: 44739
[Appium]   loglevel: info
[Appium]   chromeDriverPort: 37107
[Appium]   tmpDir: /tmp/Katalon/Appium/Temp1556169138287
[Appium] Appium REST http interface listener started on 0.0.0.0:44739
[HTTP] --> GET /wd/hub/status
[HTTP] {}
[HTTP] <-- GET /wd/hub/status 200 17 ms - 83
[HTTP] 
[HTTP] --> POST /wd/hub/session
[HTTP] {"desiredCapabilities":{"app":"/home/iauro-qa004/Katalon Studio/Anuroop hybrid app/AndroidApp/android-debug.apk","autoGrantPermissions":true,"automationName":"uiautomator2","deviceName":"Xiaomi Redmi Note 5 Pro (Android 8.1.0)","fullReset":true,"newCommandTimeout":1800,"noReset":false,"platform":"ANDROID","platformName":"Android","udid":"461a88f3"},"capabilities":{"desiredCapabilities":{"app":"/home/iauro-qa004/Katalon Studio/Anuroop hybrid app/AndroidApp/android-debug.apk","autoGrantPermissions":true,"automationName":"uiautomator2","deviceName":"Xiaomi Redmi Note 5 Pro (Android 8.1.0)","fullReset":true,"newCommandTimeout":1800,"noReset":false,"platform":"ANDROID","platformName":"Android","udid":"461a88f3"},"firstMatch":[{"platformName":"android"}]}}
[Appium] Could not parse W3C capabilities: 'deviceName' can't be blank. Falling back to JSONWP protocol.
[Appium] The following capabilities were provided in the JSONWP desired capabilities that are missing in W3C capabilities: ["app","autoGrantPermissions","automationName","deviceName","fullReset","newCommandTimeout","noReset","platform","platformName","udid"]. Falling back to JSONWP protocol.
[Appium] Creating new AndroidUiautomator2Driver (v1.12.0) session
[Appium] Capabilities:
[Appium]   app: /home/iauro-qa004/Katalon Studio/Anuroop hybrid app/AndroidApp/android-debug.apk
[Appium]   autoGrantPermissions: true
[Appium]   automationName: uiautomator2
[Appium]   deviceName: Xiaomi Redmi Note 5 Pro (Android 8.1.0)
[Appium]   fullReset: true
[Appium]   newCommandTimeout: 1800
[Appium]   noReset: false
[Appium]   platform: ANDROID
[Appium]   platformName: Android
[Appium]   udid: 461a88f3
[BaseDriver] The following capabilities were provided, but are not recognized by appium: platform.
[BaseDriver] Session created with session id: 77ed120b-0073-4419-9b6c-96fedfe6ad40
[BaseDriver] Using local app '/home/iauro-qa004/Katalon Studio/Anuroop hybrid app/AndroidApp/android-debug.apk'
[AndroidDriver] Java version is: 1.8.0_201
[ADB] Checking whether adb is present
[ADB] Found 1 'build-tools' folders under '/home/iauro-qa004/.katalon/tools/android_sdk' (newest first):
[ADB]     /home/iauro-qa004/.katalon/tools/android_sdk/build-tools/29.0.0
[ADB] Using adb from /home/iauro-qa004/.katalon/tools/android_sdk/platform-tools/adb
[AndroidDriver] Retrieving device list
[AndroidDriver] Using device: 461a88f3
[ADB] Using the alternative activity name detection method because of: Could not find apkanalyzer in /home/iauro-qa004/.katalon/tools/android_sdk/platform-tools/apkanalyzer,/home/iauro-qa004/.katalon/tools/android_sdk/emulator/apkanalyzer,/home/iauro-qa004/.katalon/tools/android_sdk/tools/apkanalyzer,/home/iauro-qa004/.katalon/tools/android_sdk/tools/bin/apkanalyzer,/home/iauro-qa004/.katalon/tools/android_sdk/build-tools/29.0.0/apkanalyzer. Do you have the Android SDK installed at '/home/iauro-qa004/.katalon/tools/android_sdk'?
[ADB] Checking whether aapt is present
[ADB] Using aapt from /home/iauro-qa004/.katalon/tools/android_sdk/build-tools/29.0.0/aapt
[ADB] Extracting package and launch activity from manifest
[ADB] Package name: 'com.app.anuroop'
[ADB] Main activity name: 'com.app.anuroop.MainActivity'
[ADB] Getting device platform version
[ADB] Using apksigner from /home/iauro-qa004/.katalon/tools/android_sdk/build-tools/29.0.0/apksigner
[ADB] Cannot read version codes of '/usr/local/lib/node_modules/appium/node_modules/appium-uiautomator2-server/apks/appium-uiautomator2-server-debug-androidTest.apk' and/or 'io.appium.uiautomator2.server.test'
[ADB] Cannot read version names of '/usr/local/lib/node_modules/appium/node_modules/appium-uiautomator2-server/apks/appium-uiautomator2-server-debug-androidTest.apk' and/or 'io.appium.uiautomator2.server.test'. Assuming correct app version is already installed
[AndroidDriver] setDeviceLanguageCountry requires language or country.
[AndroidDriver] Got language: 'null' and country: 'null'
[ADB] Successfully extracted 130 strings from '/home/iauro-qa004/Katalon Studio/Anuroop hybrid app/AndroidApp/android-debug.apk' resources for '(default)' configuration
[ADB] com.app.anuroop was successfully uninstalled
[UiAutomator2] Starting uiautomator2 server 1.12.0
[UiAutomator2] Using UIAutomator2 server from '/usr/local/lib/node_modules/appium/node_modules/appium-uiautomator2-server/apks/appium-uiautomator2-server-v1.12.0.apk' and test from '/usr/local/lib/node_modules/appium/node_modules/appium-uiautomator2-server/apks/appium-uiautomator2-server-debug-androidTest.apk'
[UiAutomator2] Running command: 'adb -s 461a88f3 shell am instrument -w io.appium.uiautomator2.server.test/android.support.test.runner.AndroidJUnitRunner'
[UiAutomator2] Waiting up to 20000ms for UiAutomator2 to be online...
[AndroidDriver] Screen already unlocked, doing nothing
[UiAutomator2] UiAutomator2 did not start the activity we were waiting for, 'com.app.anuroop/com.app.anuroop.MainActivity'. Starting it ourselves
[Appium] New AndroidUiautomator2Driver session created successfully, session 77ed120b-0073-4419-9b6c-96fedfe6ad40 added to master session list
[HTTP] <-- POST /wd/hub/session 200 25066 ms - 1201
[HTTP] 
[HTTP] --> GET /wd/hub/status
[HTTP] {}
[HTTP] <-- GET /wd/hub/status 200 7 ms - 55
[HTTP] 
[HTTP] --> POST /wd/hub/session/77ed120b-0073-4419-9b6c-96fedfe6ad40/timeouts
[HTTP] {"type":"implicit","ms":30000}
[HTTP] <-- POST /wd/hub/session/77ed120b-0073-4419-9b6c-96fedfe6ad40/timeouts 400 15 ms - 4300
[HTTP] 
[HTTP] --> GET /wd/hub/session/77ed120b-0073-4419-9b6c-96fedfe6ad40/window/current/size
[HTTP] {}
[W3C] Driver proxy active, passing request on via HTTP proxy
[JSONWP Proxy] Replacing sessionId b75fd38a-8f07-427c-aeea-9056302760b9 with 77ed120b-0073-4419-9b6c-96fedfe6ad40
[HTTP] <-- GET /wd/hub/session/77ed120b-0073-4419-9b6c-96fedfe6ad40/window/current/size 200 38 ms - 100
[HTTP] 
[HTTP] --> POST /wd/hub/session/77ed120b-0073-4419-9b6c-96fedfe6ad40/elements
[HTTP] {"using":"-android uiautomator","value":"new UiSelector().className(\"android.widget.EditText\").resourceId(\"username\").instance(0)"}
[HTTP] <-- POST /wd/hub/session/77ed120b-0073-4419-9b6c-96fedfe6ad40/elements 200 68 ms - 74
[HTTP] 
[HTTP] --> POST /wd/hub/session/77ed120b-0073-4419-9b6c-96fedfe6ad40/elements
[HTTP] {"using":"-android uiautomator","value":"new UiSelector().className(\"android.widget.EditText\").resourceId(\"username\").instance(0)"}
[HTTP] <-- POST /wd/hub/session/77ed120b-0073-4419-9b6c-96fedfe6ad40/elements 200 54 ms - 74
[HTTP] 
[HTTP] --> POST /wd/hub/session/77ed120b-0073-4419-9b6c-96fedfe6ad40/elements
[HTTP] {"using":"-android uiautomator","value":"new UiSelector().className(\"android.widget.EditText\").resourceId(\"username\").instance(0)"}
[HTTP] <-- POST /wd/hub/session/77ed120b-0073-4419-9b6c-96fedfe6ad40/elements 200 53 ms - 74
[HTTP] 
[HTTP] --> POST /wd/hub/session/77ed120b-0073-4419-9b6c-96fedfe6ad40/elements
[HTTP] {"using":"-android uiautomator","value":"new UiSelector().className(\"android.widget.EditText\").resourceId(\"username\").instance(0)"}
[HTTP] <-- POST /wd/hub/session/77ed120b-0073-4419-9b6c-96fedfe6ad40/elements 200 49 ms - 74
[HTTP] 
[HTTP] --> POST /wd/hub/session/77ed120b-0073-4419-9b6c-96fedfe6ad40/elements
[HTTP] {"using":"-android uiautomator","value":"new UiSelector().className(\"android.widget.EditText\").resourceId(\"username\").instance(0)"}
[HTTP] <-- POST /wd/hub/session/77ed120b-0073-4419-9b6c-96fedfe6ad40/elements 200 49 ms - 74
[HTTP] 
[HTTP] --> POST /wd/hub/session/77ed120b-0073-4419-9b6c-96fedfe6ad40/elements
[HTTP] {"using":"-android uiautomator","value":"new UiSelector().className(\"android.widget.EditText\").resourceId(\"username\").instance(0)"}
[HTTP] <-- POST /wd/hub/session/77ed120b-0073-4419-9b6c-96fedfe6ad40/elements 200 53 ms - 74
[HTTP] 
[HTTP] --> POST /wd/hub/session/77ed120b-0073-4419-9b6c-96fedfe6ad40/elements
[HTTP] {"using":"-android uiautomator","value":"new UiSelector().className(\"android.widget.EditText\").resourceId(\"username\").instance(0)"}
[HTTP] <-- POST /wd/hub/session/77ed120b-0073-4419-9b6c-96fedfe6ad40/elements 200 56 ms - 74
[HTTP] 
[HTTP] --> POST /wd/hub/session/77ed120b-0073-4419-9b6c-96fedfe6ad40/elements
[HTTP] {"using":"-android uiautomator","value":"new UiSelector().className(\"android.widget.EditText\").resourceId(\"username\").instance(0)"}
[HTTP] <-- POST /wd/hub/session/77ed120b-0073-4419-9b6c-96fedfe6ad40/elements 200 46 ms - 74
[HTTP] 
[HTTP] --> POST /wd/hub/session/77ed120b-0073-4419-9b6c-96fedfe6ad40/elements
[HTTP] {"using":"-android uiautomator","value":"new UiSelector().className(\"android.widget.EditText\").resourceId(\"username\").instance(0)"}
[HTTP] <-- POST /wd/hub/session/77ed120b-0073-4419-9b6c-96fedfe6ad40/elements 200 43 ms - 74
[HTTP] 
[HTTP] --> POST /wd/hub/session/77ed120b-0073-4419-9b6c-96fedfe6ad40/elements
[HTTP] {"using":"-android uiautomator","value":"new UiSelector().className(\"android.widget.EditText\").resourceId(\"username\").instance(0)"}
[HTTP] <-- POST /wd/hub/session/77ed120b-0073-4419-9b6c-96fedfe6ad40/elements 200 55 ms - 74
[HTTP] 
[HTTP] --> POST /wd/hub/session/77ed120b-0073-4419-9b6c-96fedfe6ad40/elements
[HTTP] {"using":"-android uiautomator","value":"new UiSelector().className(\"android.widget.EditText\").resourceId(\"username\").instance(0)"}
[HTTP] <-- POST /wd/hub/session/77ed120b-0073-4419-9b6c-96fedfe6ad40/elements 200 41 ms - 74
[HTTP] 
[HTTP] --> POST /wd/hub/session/77ed120b-0073-4419-9b6c-96fedfe6ad40/elements
[HTTP] {"using":"-android uiautomator","value":"new UiSelector().className(\"android.widget.EditText\").resourceId(\"username\").instance(0)"}
[HTTP] <-- POST /wd/hub/session/77ed120b-0073-4419-9b6c-96fedfe6ad40/elements 200 41 ms - 74
[HTTP] 
[HTTP] --> POST /wd/hub/session/77ed120b-0073-4419-9b6c-96fedfe6ad40/elements
[HTTP] {"using":"-android uiautomator","value":"new UiSelector().className(\"android.widget.EditText\").resourceId(\"username\").instance(0)"}
[HTTP] <-- POST /wd/hub/session/77ed120b-0073-4419-9b6c-96fedfe6ad40/elements 200 41 ms - 74
[HTTP] 
[HTTP] --> POST /wd/hub/session/77ed120b-0073-4419-9b6c-96fedfe6ad40/elements
[HTTP] {"using":"-android uiautomator","value":"new UiSelector().className(\"android.widget.EditText\").resourceId(\"username\").instance(0)"}
[HTTP] <-- POST /wd/hub/session/77ed120b-0073-4419-9b6c-96fedfe6ad40/elements 200 40 ms - 74
[HTTP] 
[HTTP] --> POST /wd/hub/session/77ed120b-0073-4419-9b6c-96fedfe6ad40/elements
[HTTP] {"using":"-android uiautomator","value":"new UiSelector().className(\"android.widget.EditText\").resourceId(\"username\").instance(0)"}
[HTTP] <-- POST /wd/hub/session/77ed120b-0073-4419-9b6c-96fedfe6ad40/elements 200 37 ms - 74
[HTTP] 
[HTTP] --> POST /wd/hub/session/77ed120b-0073-4419-9b6c-96fedfe6ad40/elements
[HTTP] {"using":"-android uiautomator","value":"new UiSelector().className(\"android.widget.EditText\").resourceId(\"username\").instance(0)"}
[HTTP] <-- POST /wd/hub/session/77ed120b-0073-4419-9b6c-96fedfe6ad40/elements 200 40 ms - 74
[HTTP] 
[HTTP] --> POST /wd/hub/session/77ed120b-0073-4419-9b6c-96fedfe6ad40/elements
[HTTP] {"using":"-android uiautomator","value":"new UiSelector().className(\"android.widget.EditText\").resourceId(\"username\").instance(0)"}
[HTTP] <-- POST /wd/hub/session/77ed120b-0073-4419-9b6c-96fedfe6ad40/elements 200 52 ms - 74
[HTTP] 
[HTTP] --> POST /wd/hub/session/77ed120b-0073-4419-9b6c-96fedfe6ad40/elements
[HTTP] {"using":"-android uiautomator","value":"new UiSelector().className(\"android.widget.EditText\").resourceId(\"username\").instance(0)"}
[HTTP] <-- POST /wd/hub/session/77ed120b-0073-4419-9b6c-96fedfe6ad40/elements 200 37 ms - 74
[HTTP] 
[HTTP] --> POST /wd/hub/session/77ed120b-0073-4419-9b6c-96fedfe6ad40/elements
[HTTP] {"using":"-android uiautomator","value":"new UiSelector().className(\"android.widget.EditText\").resourceId(\"username\").instance(0)"}
[HTTP] <-- POST /wd/hub/session/77ed120b-0073-4419-9b6c-96fedfe6ad40/elements 200 41 ms - 74
[HTTP] 
[HTTP] --> POST /wd/hub/session/77ed120b-0073-4419-9b6c-96fedfe6ad40/elements
[HTTP] {"using":"-android uiautomator","value":"new UiSelector().className(\"android.widget.EditText\").resourceId(\"username\").instance(0)"}
[HTTP] <-- POST /wd/hub/session/77ed120b-0073-4419-9b6c-96fedfe6ad40/elements 200 40 ms - 74
[HTTP] 
[HTTP] --> POST /wd/hub/session/77ed120b-0073-4419-9b6c-96fedfe6ad40/elements
[HTTP] {"using":"-android uiautomator","value":"new UiSelector().className(\"android.widget.EditText\").resourceId(\"username\").instance(0)"}
[HTTP] <-- POST /wd/hub/session/77ed120b-0073-4419-9b6c-96fedfe6ad40/elements 200 46 ms - 74
[HTTP] 
[HTTP] --> POST /wd/hub/session/77ed120b-0073-4419-9b6c-96fedfe6ad40/elements
[HTTP] {"using":"-android uiautomator","value":"new UiSelector().className(\"android.widget.EditText\").resourceId(\"username\").instance(0)"}
[HTTP] <-- POST /wd/hub/session/77ed120b-0073-4419-9b6c-96fedfe6ad40/elements 200 111 ms - 74
[HTTP] 
[HTTP] --> POST /wd/hub/session/77ed120b-0073-4419-9b6c-96fedfe6ad40/elements
[HTTP] {"using":"-android uiautomator","value":"new UiSelector().className(\"android.widget.EditText\").resourceId(\"username\").instance(0)"}
[HTTP] <-- POST /wd/hub/session/77ed120b-0073-4419-9b6c-96fedfe6ad40/elements 200 46 ms - 74
[HTTP] 
[HTTP] --> POST /wd/hub/session/77ed120b-0073-4419-9b6c-96fedfe6ad40/elements
[HTTP] {"using":"-android uiautomator","value":"new UiSelector().className(\"android.widget.EditText\").resourceId(\"username\").instance(0)"}
[HTTP] <-- POST /wd/hub/session/77ed120b-0073-4419-9b6c-96fedfe6ad40/elements 200 50 ms - 74
[HTTP] 
[HTTP] --> POST /wd/hub/session/77ed120b-0073-4419-9b6c-96fedfe6ad40/elements
[HTTP] {"using":"-android uiautomator","value":"new UiSelector().className(\"android.widget.EditText\").resourceId(\"username\").instance(0)"}
[HTTP] <-- POST /wd/hub/session/77ed120b-0073-4419-9b6c-96fedfe6ad40/elements 200 45 ms - 74
[HTTP] 
[HTTP] --> POST /wd/hub/session/77ed120b-0073-4419-9b6c-96fedfe6ad40/elements
[HTTP] {"using":"-android uiautomator","value":"new UiSelector().className(\"android.widget.EditText\").resourceId(\"username\").instance(0)"}
[HTTP] <-- POST /wd/hub/session/77ed120b-0073-4419-9b6c-96fedfe6ad40/elements 200 46 ms - 74
[HTTP] 
[HTTP] --> POST /wd/hub/session/77ed120b-0073-4419-9b6c-96fedfe6ad40/elements
[HTTP] {"using":"-android uiautomator","value":"new UiSelector().className(\"android.widget.EditText\").resourceId(\"username\").instance(0)"}
[HTTP] <-- POST /wd/hub/session/77ed120b-0073-4419-9b6c-96fedfe6ad40/elements 200 46 ms - 74
[HTTP] 
[HTTP] --> POST /wd/hub/session/77ed120b-0073-4419-9b6c-96fedfe6ad40/elements
[HTTP] {"using":"-android uiautomator","value":"new UiSelector().className(\"android.widget.EditText\").resourceId(\"username\").instance(0)"}
[HTTP] <-- POST /wd/hub/session/77ed120b-0073-4419-9b6c-96fedfe6ad40/elements 200 41 ms - 74
[HTTP] 
[HTTP] --> POST /wd/hub/session/77ed120b-0073-4419-9b6c-96fedfe6ad40/elements
[HTTP] {"using":"-android uiautomator","value":"new UiSelector().className(\"android.widget.EditText\").resourceId(\"username\").instance(0)"}
[HTTP] <-- POST /wd/hub/session/77ed120b-0073-4419-9b6c-96fedfe6ad40/elements 200 40 ms - 74
[HTTP] 
[HTTP] --> POST /wd/hub/session/77ed120b-0073-4419-9b6c-96fedfe6ad40/elements
[HTTP] {"using":"-android uiautomator","value":"new UiSelector().className(\"android.widget.EditText\").resourceId(\"username\").instance(0)"}
[HTTP] <-- POST /wd/hub/session/77ed120b-0073-4419-9b6c-96fedfe6ad40/elements 200 41 ms - 74
[HTTP] 
[HTTP] --> POST /wd/hub/session/77ed120b-0073-4419-9b6c-96fedfe6ad40/elements
[HTTP] {"using":"-android uiautomator","value":"new UiSelector().className(\"android.widget.EditText\").resourceId(\"username\").instance(0)"}
[HTTP] <-- POST /wd/hub/session/77ed120b-0073-4419-9b6c-96fedfe6ad40/elements 200 44 ms - 74
[HTTP] 
[HTTP] --> POST /wd/hub/session/77ed120b-0073-4419-9b6c-96fedfe6ad40/elements
[HTTP] {"using":"-android uiautomator","value":"new UiSelector().className(\"android.widget.EditText\").resourceId(\"username\").instance(0)"}
[HTTP] <-- POST /wd/hub/session/77ed120b-0073-4419-9b6c-96fedfe6ad40/elements 200 43 ms - 74
[HTTP] 
[HTTP] --> POST /wd/hub/session/77ed120b-0073-4419-9b6c-96fedfe6ad40/elements
[HTTP] {"using":"-android uiautomator","value":"new UiSelector().className(\"android.widget.EditText\").resourceId(\"username\").instance(0)"}
[HTTP] <-- POST /wd/hub/session/77ed120b-0073-4419-9b6c-96fedfe6ad40/elements 200 46 ms - 74
[HTTP] 
[HTTP] --> POST /wd/hub/session/77ed120b-0073-4419-9b6c-96fedfe6ad40/elements
[HTTP] {"using":"-android uiautomator","value":"new UiSelector().className(\"android.widget.EditText\").resourceId(\"username\").instance(0)"}
[HTTP] <-- POST /wd/hub/session/77ed120b-0073-4419-9b6c-96fedfe6ad40/elements 200 44 ms - 74
[HTTP] 
[HTTP] --> POST /wd/hub/session/77ed120b-0073-4419-9b6c-96fedfe6ad40/elements
[HTTP] {"using":"-android uiautomator","value":"new UiSelector().className(\"android.widget.EditText\").resourceId(\"username\").instance(0)"}
[HTTP] <-- POST /wd/hub/session/77ed120b-0073-4419-9b6c-96fedfe6ad40/elements 200 39 ms - 74
[HTTP] 
[HTTP] --> POST /wd/hub/session/77ed120b-0073-4419-9b6c-96fedfe6ad40/elements
[HTTP] {"using":"-android uiautomator","value":"new UiSelector().className(\"android.widget.EditText\").resourceId(\"username\").instance(0)"}
[HTTP] <-- POST /wd/hub/session/77ed120b-0073-4419-9b6c-96fedfe6ad40/elements 200 42 ms - 74
[HTTP] 
[HTTP] --> POST /wd/hub/session/77ed120b-0073-4419-9b6c-96fedfe6ad40/elements
[HTTP] {"using":"-android uiautomator","value":"new UiSelector().className(\"android.widget.EditText\").resourceId(\"username\").instance(0)"}
[HTTP] <-- POST /wd/hub/session/77ed120b-0073-4419-9b6c-96fedfe6ad40/elements 200 40 ms - 74
[HTTP] 
[HTTP] --> POST /wd/hub/session/77ed120b-0073-4419-9b6c-96fedfe6ad40/elements
[HTTP] {"using":"-android uiautomator","value":"new UiSelector().className(\"android.widget.EditText\").resourceId(\"username\").instance(0)"}
[HTTP] <-- POST /wd/hub/session/77ed120b-0073-4419-9b6c-96fedfe6ad40/elements 200 42 ms - 74
[HTTP] 
[HTTP] --> POST /wd/hub/session/77ed120b-0073-4419-9b6c-96fedfe6ad40/elements
[HTTP] {"using":"-android uiautomator","value":"new UiSelector().className(\"android.widget.EditText\").resourceId(\"username\").instance(0)"}
[HTTP] <-- POST /wd/hub/session/77ed120b-0073-4419-9b6c-96fedfe6ad40/elements 200 48 ms - 74
[HTTP] 
[HTTP] --> POST /wd/hub/session/77ed120b-0073-4419-9b6c-96fedfe6ad40/elements
[HTTP] {"using":"-android uiautomator","value":"new UiSelector().className(\"android.widget.EditText\").resourceId(\"username\").instance(0)"}
[HTTP] <-- POST /wd/hub/session/77ed120b-0073-4419-9b6c-96fedfe6ad40/elements 200 47 ms - 74
[HTTP] 
[HTTP] --> POST /wd/hub/session/77ed120b-0073-4419-9b6c-96fedfe6ad40/elements
[HTTP] {"using":"-android uiautomator","value":"new UiSelector().className(\"android.widget.EditText\").resourceId(\"username\").instance(0)"}
[HTTP] <-- POST /wd/hub/session/77ed120b-0073-4419-9b6c-96fedfe6ad40/elements 200 407 ms - 74
[HTTP] 
[HTTP] --> POST /wd/hub/session/77ed120b-0073-4419-9b6c-96fedfe6ad40/elements
[HTTP] {"using":"-android uiautomator","value":"new UiSelector().className(\"android.widget.EditText\").resourceId(\"username\").instance(0)"}
[HTTP] <-- POST /wd/hub/session/77ed120b-0073-4419-9b6c-96fedfe6ad40/elements 200 703 ms - 124
[HTTP] 
[HTTP] --> GET /wd/hub/session/77ed120b-0073-4419-9b6c-96fedfe6ad40
[HTTP] {}
[HTTP] <-- GET /wd/hub/session/77ed120b-0073-4419-9b6c-96fedfe6ad40 200 23 ms - 1201
[HTTP] 
[HTTP] --> GET /wd/hub/session/77ed120b-0073-4419-9b6c-96fedfe6ad40
[HTTP] {}
[HTTP] <-- GET /wd/hub/session/77ed120b-0073-4419-9b6c-96fedfe6ad40 200 22 ms - 1201
[HTTP] 
[HTTP] --> GET /wd/hub/session/77ed120b-0073-4419-9b6c-96fedfe6ad40
[HTTP] {}
[HTTP] <-- GET /wd/hub/session/77ed120b-0073-4419-9b6c-96fedfe6ad40 200 28 ms - 1201
[HTTP] 
[HTTP] --> GET /wd/hub/session/77ed120b-0073-4419-9b6c-96fedfe6ad40
[HTTP] {}
[HTTP] <-- GET /wd/hub/session/77ed120b-0073-4419-9b6c-96fedfe6ad40 200 21 ms - 1201
[HTTP] 
[HTTP] --> GET /wd/hub/session/77ed120b-0073-4419-9b6c-96fedfe6ad40/element/729629f8-b2f9-4f1b-a15e-d95efba48cb8/location
[HTTP] {}
[W3C] Driver proxy active, passing request on via HTTP proxy
[JSONWP Proxy] Replacing sessionId b75fd38a-8f07-427c-aeea-9056302760b9 with 77ed120b-0073-4419-9b6c-96fedfe6ad40
[HTTP] <-- GET /wd/hub/session/77ed120b-0073-4419-9b6c-96fedfe6ad40/element/729629f8-b2f9-4f1b-a15e-d95efba48cb8/location 200 75 ms - 88
[HTTP] 
[HTTP] --> POST /wd/hub/session/77ed120b-0073-4419-9b6c-96fedfe6ad40/element/729629f8-b2f9-4f1b-a15e-d95efba48cb8/clear
[HTTP] {"id":"729629f8-b2f9-4f1b-a15e-d95efba48cb8"}
[HTTP] <-- POST /wd/hub/session/77ed120b-0073-4419-9b6c-96fedfe6ad40/element/729629f8-b2f9-4f1b-a15e-d95efba48cb8/clear 200 87 ms - 89
[HTTP] 
[HTTP] --> POST /wd/hub/session/77ed120b-0073-4419-9b6c-96fedfe6ad40/element/729629f8-b2f9-4f1b-a15e-d95efba48cb8/value
[HTTP] {"id":"729629f8-b2f9-4f1b-a15e-d95efba48cb8","value":["MB07120121"]}
[HTTP] <-- POST /wd/hub/session/77ed120b-0073-4419-9b6c-96fedfe6ad40/element/729629f8-b2f9-4f1b-a15e-d95efba48cb8/value 200 365 ms - 74
[HTTP] 
[HTTP] --> GET /wd/hub/session/77ed120b-0073-4419-9b6c-96fedfe6ad40/context
[HTTP] {}
[HTTP] <-- GET /wd/hub/session/77ed120b-0073-4419-9b6c-96fedfe6ad40/context 200 3 ms - 84
[HTTP] 
[HTTP] --> GET /wd/hub/session/77ed120b-0073-4419-9b6c-96fedfe6ad40/contexts
[HTTP] {}
[HTTP] <-- GET /wd/hub/session/77ed120b-0073-4419-9b6c-96fedfe6ad40/contexts 200 209 ms - 112
[HTTP] 
[HTTP] --> POST /wd/hub/session/77ed120b-0073-4419-9b6c-96fedfe6ad40/context
[HTTP] {"name":"NATIVE_APP"}
[HTTP] <-- POST /wd/hub/session/77ed120b-0073-4419-9b6c-96fedfe6ad40/context 200 239 ms - 76
[HTTP] 
[HTTP] --> GET /wd/hub/session/77ed120b-0073-4419-9b6c-96fedfe6ad40/screenshot
[HTTP] {}
[HTTP] <-- GET /wd/hub/session/77ed120b-0073-4419-9b6c-96fedfe6ad40/screenshot 200 2415 ms - 1871924
[HTTP] 
[HTTP] --> POST /wd/hub/session/77ed120b-0073-4419-9b6c-96fedfe6ad40/context
[HTTP] {"name":"NATIVE_APP"}
[HTTP] <-- POST /wd/hub/session/77ed120b-0073-4419-9b6c-96fedfe6ad40/context 200 226 ms - 76
[HTTP] 
[HTTP] --> GET /wd/hub/session/77ed120b-0073-4419-9b6c-96fedfe6ad40/window/current/size
[HTTP] {}
[W3C] Driver proxy active, passing request on via HTTP proxy
[JSONWP Proxy] Replacing sessionId b75fd38a-8f07-427c-aeea-9056302760b9 with 77ed120b-0073-4419-9b6c-96fedfe6ad40
[HTTP] <-- GET /wd/hub/session/77ed120b-0073-4419-9b6c-96fedfe6ad40/window/current/size 200 62 ms - 100
[HTTP] 
[HTTP] --> POST /wd/hub/session/77ed120b-0073-4419-9b6c-96fedfe6ad40/elements
[HTTP] {"using":"-android uiautomator","value":"new UiSelector().className(\"android.widget.EditText\").resourceId(\"password\").instance(1)"}
[HTTP] <-- POST /wd/hub/session/77ed120b-0073-4419-9b6c-96fedfe6ad40/elements 200 140 ms - 124
[HTTP] 
[HTTP] --> GET /wd/hub/session/77ed120b-0073-4419-9b6c-96fedfe6ad40
[HTTP] {}
[HTTP] <-- GET /wd/hub/session/77ed120b-0073-4419-9b6c-96fedfe6ad40 200 31 ms - 1201
[HTTP] 
[HTTP] --> GET /wd/hub/session/77ed120b-0073-4419-9b6c-96fedfe6ad40
[HTTP] {}
[HTTP] <-- GET /wd/hub/session/77ed120b-0073-4419-9b6c-96fedfe6ad40 200 32 ms - 1201
[HTTP] 
[HTTP] --> GET /wd/hub/session/77ed120b-0073-4419-9b6c-96fedfe6ad40
[HTTP] {}
[HTTP] <-- GET /wd/hub/session/77ed120b-0073-4419-9b6c-96fedfe6ad40 200 22 ms - 1201
[HTTP] 
[HTTP] --> GET /wd/hub/session/77ed120b-0073-4419-9b6c-96fedfe6ad40
[HTTP] {}
[HTTP] <-- GET /wd/hub/session/77ed120b-0073-4419-9b6c-96fedfe6ad40 200 27 ms - 1201
[HTTP] 
[HTTP] --> GET /wd/hub/session/77ed120b-0073-4419-9b6c-96fedfe6ad40/element/819a6767-2301-4cea-a235-5b3e62a4b60d/location
[HTTP] {}
[W3C] Driver proxy active, passing request on via HTTP proxy
[JSONWP Proxy] Replacing sessionId b75fd38a-8f07-427c-aeea-9056302760b9 with 77ed120b-0073-4419-9b6c-96fedfe6ad40
[HTTP] <-- GET /wd/hub/session/77ed120b-0073-4419-9b6c-96fedfe6ad40/element/819a6767-2301-4cea-a235-5b3e62a4b60d/location 200 63 ms - 89
[HTTP] 
[HTTP] --> POST /wd/hub/session/77ed120b-0073-4419-9b6c-96fedfe6ad40/element/819a6767-2301-4cea-a235-5b3e62a4b60d/clear
[HTTP] {"id":"819a6767-2301-4cea-a235-5b3e62a4b60d"}
[HTTP] <-- POST /wd/hub/session/77ed120b-0073-4419-9b6c-96fedfe6ad40/element/819a6767-2301-4cea-a235-5b3e62a4b60d/clear 200 77 ms - 89
[HTTP] 
[HTTP] --> POST /wd/hub/session/77ed120b-0073-4419-9b6c-96fedfe6ad40/element/819a6767-2301-4cea-a235-5b3e62a4b60d/value
[HTTP] {"id":"819a6767-2301-4cea-a235-5b3e62a4b60d","value":["anuroop50"]}
[HTTP] <-- POST /wd/hub/session/77ed120b-0073-4419-9b6c-96fedfe6ad40/element/819a6767-2301-4cea-a235-5b3e62a4b60d/value 200 301 ms - 74
[HTTP] 
[HTTP] --> GET /wd/hub/session/77ed120b-0073-4419-9b6c-96fedfe6ad40/source
[HTTP] {}
[W3C] Driver proxy active, passing request on via HTTP proxy
[JSONWP Proxy] Replacing sessionId b75fd38a-8f07-427c-aeea-9056302760b9 with 77ed120b-0073-4419-9b6c-96fedfe6ad40
[HTTP] <-- GET /wd/hub/session/77ed120b-0073-4419-9b6c-96fedfe6ad40/source 200 428 ms - 8987
[HTTP] 
[HTTP] --> GET /wd/hub/session/77ed120b-0073-4419-9b6c-96fedfe6ad40/window/current/size
[HTTP] {}
[W3C] Driver proxy active, passing request on via HTTP proxy
[JSONWP Proxy] Replacing sessionId b75fd38a-8f07-427c-aeea-9056302760b9 with 77ed120b-0073-4419-9b6c-96fedfe6ad40
[HTTP] <-- GET /wd/hub/session/77ed120b-0073-4419-9b6c-96fedfe6ad40/window/current/size 200 32 ms - 100
[HTTP] 
[HTTP] --> POST /wd/hub/session/77ed120b-0073-4419-9b6c-96fedfe6ad40/elements
[HTTP] {"using":"-android uiautomator","value":"new UiSelector().className(\"android.widget.Button\").text(\"LOGIN\").packageName(\"com.app.anuroop\")"}
[HTTP] <-- POST /wd/hub/session/77ed120b-0073-4419-9b6c-96fedfe6ad40/elements 200 122 ms - 124
[HTTP] 
[HTTP] --> GET /wd/hub/session/77ed120b-0073-4419-9b6c-96fedfe6ad40
[HTTP] {}
[HTTP] <-- GET /wd/hub/session/77ed120b-0073-4419-9b6c-96fedfe6ad40 200 22 ms - 1201
[HTTP] 
[HTTP] --> GET /wd/hub/session/77ed120b-0073-4419-9b6c-96fedfe6ad40
[HTTP] {}
[HTTP] <-- GET /wd/hub/session/77ed120b-0073-4419-9b6c-96fedfe6ad40 200 23 ms - 1201
[HTTP] 
[HTTP] --> GET /wd/hub/session/77ed120b-0073-4419-9b6c-96fedfe6ad40
[HTTP] {}
[HTTP] <-- GET /wd/hub/session/77ed120b-0073-4419-9b6c-96fedfe6ad40 200 22 ms - 1201
[HTTP] 
[HTTP] --> GET /wd/hub/session/77ed120b-0073-4419-9b6c-96fedfe6ad40
[HTTP] {}
[HTTP] <-- GET /wd/hub/session/77ed120b-0073-4419-9b6c-96fedfe6ad40 200 28 ms - 1201
[HTTP] 
[HTTP] --> GET /wd/hub/session/77ed120b-0073-4419-9b6c-96fedfe6ad40/element/3737ba5b-5f7b-4a85-9d4d-9e822f24dfc8/location
[HTTP] {}
[W3C] Driver proxy active, passing request on via HTTP proxy
[JSONWP Proxy] Replacing sessionId b75fd38a-8f07-427c-aeea-9056302760b9 with 77ed120b-0073-4419-9b6c-96fedfe6ad40
[HTTP] <-- GET /wd/hub/session/77ed120b-0073-4419-9b6c-96fedfe6ad40/element/3737ba5b-5f7b-4a85-9d4d-9e822f24dfc8/location 200 69 ms - 89
[HTTP] 
[HTTP] --> GET /wd/hub/session/77ed120b-0073-4419-9b6c-96fedfe6ad40/element/3737ba5b-5f7b-4a85-9d4d-9e822f24dfc8/attribute/text
[HTTP] {}
[HTTP] <-- GET /wd/hub/session/77ed120b-0073-4419-9b6c-96fedfe6ad40/element/3737ba5b-5f7b-4a85-9d4d-9e822f24dfc8/attribute/text 200 95 ms - 79
[HTTP] 
[HTTP] --> GET /wd/hub/session/77ed120b-0073-4419-9b6c-96fedfe6ad40/window/current/size
[HTTP] {}
[W3C] Driver proxy active, passing request on via HTTP proxy
[JSONWP Proxy] Replacing sessionId b75fd38a-8f07-427c-aeea-9056302760b9 with 77ed120b-0073-4419-9b6c-96fedfe6ad40
[HTTP] <-- GET /wd/hub/session/77ed120b-0073-4419-9b6c-96fedfe6ad40/window/current/size 200 27 ms - 100
[HTTP] 
[HTTP] --> POST /wd/hub/session/77ed120b-0073-4419-9b6c-96fedfe6ad40/elements
[HTTP] {"using":"-android uiautomator","value":"new UiSelector().className(\"android.widget.Button\").text(\"LOGIN\").packageName(\"com.app.anuroop\")"}
[HTTP] <-- POST /wd/hub/session/77ed120b-0073-4419-9b6c-96fedfe6ad40/elements 200 132 ms - 124
[HTTP] 
[HTTP] --> GET /wd/hub/session/77ed120b-0073-4419-9b6c-96fedfe6ad40
[HTTP] {}
[HTTP] <-- GET /wd/hub/session/77ed120b-0073-4419-9b6c-96fedfe6ad40 200 27 ms - 1201
[HTTP] 
[HTTP] --> GET /wd/hub/session/77ed120b-0073-4419-9b6c-96fedfe6ad40
[HTTP] {}
[HTTP] <-- GET /wd/hub/session/77ed120b-0073-4419-9b6c-96fedfe6ad40 200 22 ms - 1201
[HTTP] 
[HTTP] --> GET /wd/hub/session/77ed120b-0073-4419-9b6c-96fedfe6ad40
[HTTP] {}
[HTTP] <-- GET /wd/hub/session/77ed120b-0073-4419-9b6c-96fedfe6ad40 200 26 ms - 1201
[HTTP] 
[HTTP] --> GET /wd/hub/session/77ed120b-0073-4419-9b6c-96fedfe6ad40
[HTTP] {}
[HTTP] <-- GET /wd/hub/session/77ed120b-0073-4419-9b6c-96fedfe6ad40 200 24 ms - 1201
[HTTP] 
[HTTP] --> GET /wd/hub/session/77ed120b-0073-4419-9b6c-96fedfe6ad40/element/c4be252a-7050-4fbb-8907-51c983c8c180/location
[HTTP] {}
[W3C] Driver proxy active, passing request on via HTTP proxy
[JSONWP Proxy] Replacing sessionId b75fd38a-8f07-427c-aeea-9056302760b9 with 77ed120b-0073-4419-9b6c-96fedfe6ad40
[HTTP] <-- GET /wd/hub/session/77ed120b-0073-4419-9b6c-96fedfe6ad40/element/c4be252a-7050-4fbb-8907-51c983c8c180/location 200 61 ms - 89
[HTTP] 
[HTTP] --> POST /wd/hub/session/77ed120b-0073-4419-9b6c-96fedfe6ad40/touch/perform
[HTTP] {"actions":[{"action":"tap","options":{"element":"c4be252a-7050-4fbb-8907-51c983c8c180","x":1,"y":1}}]}
[UiAutomator2] calling get location: c4be252a-7050-4fbb-8907-51c983c8c180
[HTTP] <-- POST /wd/hub/session/77ed120b-0073-4419-9b6c-96fedfe6ad40/touch/perform 200 784 ms - 76
[HTTP] 
[HTTP] --> DELETE /wd/hub/session/77ed120b-0073-4419-9b6c-96fedfe6ad40
[HTTP] {}
[Appium] Removing session 77ed120b-0073-4419-9b6c-96fedfe6ad40 from our master session list
[ADB] com.app.anuroop was successfully uninstalled
[HTTP] <-- DELETE /wd/hub/session/77ed120b-0073-4419-9b6c-96fedfe6ad40 200 1584 ms - 76
[HTTP] 
